2024-10-11 00:12:53,226	[INFO]	(client.py:162)_bot_login	[botpy] 登录机器人账号中...
2024-10-11 00:12:53,729	[INFO]	(robot.py:65)update_access_token	[botpy] access_token expires_in 2999
2024-10-11 00:12:54,241	[ERROR]	(http.py:76)_handle_response	[botpy] 接口请求异常，请求连接: https://api.sgroup.qq.com/users/@me, 错误代码: 401, 返回内容: {'message': '接口访问源IP不在白名单', 'code': 11298, 'err_code': 40023002, 'trace_id': 'cf19aad4d1383e7ca98e5b2fedff596f'}, trace_id:cf19aad4d1383e7ca98e5b2fedff596f
2024-10-11 00:14:53,128	[INFO]	(client.py:162)_bot_login	[botpy] 登录机器人账号中...
2024-10-11 00:14:53,327	[INFO]	(robot.py:65)update_access_token	[botpy] access_token expires_in 2879
2024-10-11 00:14:53,634	[ERROR]	(http.py:76)_handle_response	[botpy] 接口请求异常，请求连接: https://api.sgroup.qq.com/users/@me, 错误代码: 401, 返回内容: {'message': '接口访问源IP不在白名单', 'code': 11298, 'err_code': 40023002, 'trace_id': '38e345f2147f2a61de0bfca7efc0ee17'}, trace_id:38e345f2147f2a61de0bfca7efc0ee17
2024-10-11 00:15:44,503	[INFO]	(client.py:162)_bot_login	[botpy] 登录机器人账号中...
2024-10-11 00:15:44,935	[INFO]	(robot.py:65)update_access_token	[botpy] access_token expires_in 2828
2024-10-11 00:15:45,345	[ERROR]	(http.py:76)_handle_response	[botpy] 接口请求异常，请求连接: https://api.sgroup.qq.com/users/@me, 错误代码: 401, 返回内容: {'message': '接口访问源IP不在白名单', 'code': 11298, 'err_code': 40023002, 'trace_id': '0abc8d1b914e35bc346b810b330aa537'}, trace_id:0abc8d1b914e35bc346b810b330aa537
2024-10-11 00:17:53,148	[INFO]	(client.py:162)_bot_login	[botpy] 登录机器人账号中...
2024-10-11 00:17:53,444	[INFO]	(robot.py:65)update_access_token	[botpy] access_token expires_in 2699
2024-10-11 00:17:54,264	[INFO]	(client.py:181)_bot_init	[botpy] 程序启动...
2024-10-11 00:17:54,264	[INFO]	(connection.py:60)multi_run	[botpy] 最大并发连接数: 1, 启动会话数: 1
2024-10-11 00:17:54,264	[INFO]	(client.py:242)bot_connect	[botpy] 会话启动中...
2024-10-11 00:17:54,264	[INFO]	(gateway.py:115)ws_connect	[botpy] 启动中...
2024-10-11 00:17:54,673	[INFO]	(gateway.py:142)ws_identify	[botpy] 鉴权中...
2024-10-11 00:17:54,775	[INFO]	(gateway.py:85)on_message	[botpy] 机器人「茶知Chachi-测试中」启动成功！
2024-10-11 00:17:54,775	[INFO]	(gateway.py:223)_send_heart	[botpy] 心跳维持启动...
2024-10-11 00:17:54,775	[INFO]	(test.py:16)on_ready	robot '茶知Chachi-测试中' on_ready!
2024-10-11 00:21:41,804	[INFO]	(client.py:162)_bot_login	[botpy] 登录机器人账号中...
2024-10-11 00:21:42,099	[INFO]	(robot.py:65)update_access_token	[botpy] access_token expires_in 2471
2024-10-11 00:21:43,021	[INFO]	(client.py:181)_bot_init	[botpy] 程序启动...
2024-10-11 00:21:43,021	[INFO]	(connection.py:60)multi_run	[botpy] 最大并发连接数: 1, 启动会话数: 1
2024-10-11 00:21:43,022	[INFO]	(client.py:242)bot_connect	[botpy] 会话启动中...
2024-10-11 00:21:43,022	[INFO]	(gateway.py:115)ws_connect	[botpy] 启动中...
2024-10-11 00:21:44,454	[INFO]	(gateway.py:142)ws_identify	[botpy] 鉴权中...
2024-10-11 00:21:44,556	[INFO]	(gateway.py:85)on_message	[botpy] 机器人「茶知Chachi-测试中」启动成功！
2024-10-11 00:21:44,556	[INFO]	(gateway.py:223)_send_heart	[botpy] 心跳维持启动...
2024-10-11 00:21:44,557	[INFO]	(test.py:16)on_ready	robot '茶知Chachi-测试中' on_ready!
2024-10-11 00:24:27,648	[INFO]	(client.py:162)_bot_login	[botpy] 登录机器人账号中...
2024-10-11 00:24:28,009	[INFO]	(robot.py:65)update_access_token	[botpy] access_token expires_in 2305
2024-10-11 00:24:28,907	[INFO]	(client.py:181)_bot_init	[botpy] 程序启动...
2024-10-11 00:24:28,908	[INFO]	(connection.py:60)multi_run	[botpy] 最大并发连接数: 1, 启动会话数: 1
2024-10-11 00:24:28,908	[INFO]	(client.py:242)bot_connect	[botpy] 会话启动中...
2024-10-11 00:24:28,908	[INFO]	(gateway.py:115)ws_connect	[botpy] 启动中...
2024-10-11 00:24:29,189	[INFO]	(gateway.py:142)ws_identify	[botpy] 鉴权中...
2024-10-11 00:24:29,275	[INFO]	(gateway.py:85)on_message	[botpy] 机器人「茶知Chachi-测试中」启动成功！
2024-10-11 00:24:29,275	[INFO]	(gateway.py:223)_send_heart	[botpy] 心跳维持启动...
2024-10-11 00:24:29,275	[INFO]	(test.py:16)on_ready	robot '茶知Chachi-测试中' on_ready!
2024-10-11 00:29:38,597	[INFO]	(client.py:162)_bot_login	[botpy] 登录机器人账号中...
2024-10-11 00:29:38,790	[INFO]	(robot.py:65)update_access_token	[botpy] access_token expires_in 1994
2024-10-11 00:29:39,687	[INFO]	(client.py:181)_bot_init	[botpy] 程序启动...
2024-10-11 00:29:39,687	[INFO]	(connection.py:60)multi_run	[botpy] 最大并发连接数: 1, 启动会话数: 1
2024-10-11 00:29:39,688	[INFO]	(client.py:242)bot_connect	[botpy] 会话启动中...
2024-10-11 00:29:39,688	[INFO]	(gateway.py:115)ws_connect	[botpy] 启动中...
2024-10-11 00:29:40,097	[INFO]	(gateway.py:142)ws_identify	[botpy] 鉴权中...
2024-10-11 00:29:40,211	[INFO]	(gateway.py:85)on_message	[botpy] 机器人「茶知Chachi-测试中」启动成功！
2024-10-11 00:29:40,211	[INFO]	(gateway.py:223)_send_heart	[botpy] 心跳维持启动...
2024-10-11 00:29:40,212	[INFO]	(test.py:16)on_ready	robot '茶知Chachi-测试中' on_ready!
2024-10-11 00:33:36,303	[INFO]	(client.py:162)_bot_login	[botpy] 登录机器人账号中...
2024-10-11 00:33:36,644	[INFO]	(robot.py:65)update_access_token	[botpy] access_token expires_in 1756
2024-10-11 00:33:37,565	[INFO]	(client.py:181)_bot_init	[botpy] 程序启动...
2024-10-11 00:33:37,566	[INFO]	(connection.py:60)multi_run	[botpy] 最大并发连接数: 1, 启动会话数: 1
2024-10-11 00:33:37,566	[INFO]	(client.py:242)bot_connect	[botpy] 会话启动中...
2024-10-11 00:33:37,566	[INFO]	(gateway.py:115)ws_connect	[botpy] 启动中...
2024-10-11 00:33:37,873	[INFO]	(gateway.py:142)ws_identify	[botpy] 鉴权中...
2024-10-11 00:33:37,975	[INFO]	(gateway.py:85)on_message	[botpy] 机器人「茶知Chachi-测试中」启动成功！
2024-10-11 00:33:37,975	[INFO]	(gateway.py:223)_send_heart	[botpy] 心跳维持启动...
2024-10-11 00:33:37,976	[INFO]	(test.py:15)on_ready	robot 「茶知Chachi-测试中」 on_ready!
2024-10-11 00:33:45,860	[INFO]	(test.py:23)on_group_at_message_create	{'id': 'ROBOT1.0_9pndI4PMTE3G-csV4kyokrtTnc8TznZnYo1Lra24IEaH2xsBmP1xirwTWgzOX.EOd5KvhJf2uScdtOARvuq2-w!!', 'timestamp': '2024-10-11T00:33:45+08:00'}
2024-10-11 00:34:09,515	[INFO]	(test.py:23)on_group_at_message_create	{'id': 'ROBOT1.0_9pndI4PMTE3G-csV4kyoktsUSEykUaZHrBkL6SVLLHeT8Ovg1uYe25kS0IX3WZUvx9lnr7fzRWgTmdzXVEJS0g!!', 'timestamp': '2024-10-11T00:34:09+08:00'}
2024-10-11 00:34:38,084	[INFO]	(test.py:23)on_group_at_message_create	{'id': 'ROBOT1.0_9pndI4PMTE3G-csV4kyokhIHxNm3lK56jy5AIfQKT5qz1DzenmYA5x.LLOEQgpxQjBw.EmeKMRVd1RxsNJWd9A!!', 'timestamp': '2024-10-11T00:34:37+08:00'}
2024-10-11 00:34:50,225	[INFO]	(client.py:162)_bot_login	[botpy] 登录机器人账号中...
2024-10-11 00:34:51,704	[INFO]	(robot.py:65)update_access_token	[botpy] access_token expires_in 1681
2024-10-11 00:34:52,728	[INFO]	(client.py:181)_bot_init	[botpy] 程序启动...
2024-10-11 00:34:52,728	[INFO]	(connection.py:60)multi_run	[botpy] 最大并发连接数: 1, 启动会话数: 1
2024-10-11 00:34:52,756	[INFO]	(client.py:242)bot_connect	[botpy] 会话启动中...
2024-10-11 00:34:52,756	[INFO]	(gateway.py:115)ws_connect	[botpy] 启动中...
2024-10-11 00:34:53,136	[INFO]	(gateway.py:142)ws_identify	[botpy] 鉴权中...
2024-10-11 00:34:53,239	[INFO]	(gateway.py:85)on_message	[botpy] 机器人「茶知Chachi-测试中」启动成功！
2024-10-11 00:34:53,239	[INFO]	(gateway.py:223)_send_heart	[botpy] 心跳维持启动...
2024-10-11 00:34:53,240	[INFO]	(test.py:15)on_ready	robot 「茶知Chachi-测试中」 on_ready!
2024-10-11 00:35:01,228	[INFO]	(test.py:23)on_group_at_message_create	{'id': 'ROBOT1.0_9pndI4PMTE3G-csV4kyokks89jkSDbpPvWuf8C1rCcHFubmChifxOxiue28PrPDK.Cal94YEzHX2rNJ7cavohA!!', 'timestamp': '2024-10-11T00:35:00+08:00'}
2024-10-11 00:36:23,051	[INFO]	(client.py:162)_bot_login	[botpy] 登录机器人账号中...
2024-10-11 00:36:23,352	[INFO]	(robot.py:65)update_access_token	[botpy] access_token expires_in 1589
2024-10-11 00:36:24,071	[INFO]	(client.py:181)_bot_init	[botpy] 程序启动...
2024-10-11 00:36:24,072	[INFO]	(connection.py:60)multi_run	[botpy] 最大并发连接数: 1, 启动会话数: 1
2024-10-11 00:36:24,072	[INFO]	(client.py:242)bot_connect	[botpy] 会话启动中...
2024-10-11 00:36:24,072	[INFO]	(gateway.py:115)ws_connect	[botpy] 启动中...
2024-10-11 00:36:24,376	[INFO]	(gateway.py:142)ws_identify	[botpy] 鉴权中...
2024-10-11 00:36:24,478	[INFO]	(gateway.py:85)on_message	[botpy] 机器人「茶知Chachi-测试中」启动成功！
2024-10-11 00:36:24,478	[INFO]	(gateway.py:223)_send_heart	[botpy] 心跳维持启动...
2024-10-11 00:36:24,479	[INFO]	(test.py:15)on_ready	robot 「茶知Chachi-测试中」 on_ready!
2024-10-11 00:36:32,363	[INFO]	(test.py:23)on_group_at_message_create	{'id': 'ROBOT1.0_9pndI4PMTE3G-csV4kyokgxTWgmmsZGmbXHkm41qCOLgn6CEAzAFBKTkW9eg3kvHLnnBUfnTxYePm9aXuJK.MA!!', 'timestamp': '2024-10-11T00:36:32+08:00'}
2024-10-11 00:36:41,477	[INFO]	(test.py:23)on_group_at_message_create	{'id': 'ROBOT1.0_9pndI4PMTE3G-csV4kyokivHg1ZhN4sgHLFn390MvK.EKKhoaghcuE.9j2P7HYKHWgsMbbr-LcDNipB3VfONPg!!', 'timestamp': '2024-10-11T00:36:41+08:00'}
2024-10-11 00:37:45,721	[INFO]	(client.py:162)_bot_login	[botpy] 登录机器人账号中...
2024-10-11 00:37:45,990	[INFO]	(robot.py:65)update_access_token	[botpy] access_token expires_in 1507
2024-10-11 00:37:46,811	[INFO]	(client.py:181)_bot_init	[botpy] 程序启动...
2024-10-11 00:37:46,811	[INFO]	(connection.py:60)multi_run	[botpy] 最大并发连接数: 1, 启动会话数: 1
2024-10-11 00:37:46,811	[INFO]	(client.py:242)bot_connect	[botpy] 会话启动中...
2024-10-11 00:37:46,812	[INFO]	(gateway.py:115)ws_connect	[botpy] 启动中...
2024-10-11 00:37:47,115	[INFO]	(gateway.py:142)ws_identify	[botpy] 鉴权中...
2024-10-11 00:37:47,217	[INFO]	(gateway.py:85)on_message	[botpy] 机器人「茶知Chachi-测试中」启动成功！
2024-10-11 00:37:47,218	[INFO]	(gateway.py:223)_send_heart	[botpy] 心跳维持启动...
2024-10-11 00:37:47,218	[INFO]	(test.py:15)on_ready	robot 「茶知Chachi-测试中」 on_ready!
2024-10-11 00:37:56,640	[INFO]	(test.py:23)on_group_at_message_create	{'id': 'ROBOT1.0_Sb7yNA343x3p3pzqlF4rnStEBJSBKKRwnp.dDi6ndL.8LwG0bSXaugshdt2kNgNcHGknSoWsIvpNahoDuWktlA!!', 'timestamp': '2024-10-11T00:37:56+08:00'}
2024-10-11 00:37:59,096	[INFO]	(test.py:23)on_group_at_message_create	{'id': 'ROBOT1.0_Sb7yNA343x3p3pzqlF4rnXabjM9Rp40axWScwhjtZht2PU4l-IjAhm2pbsIkNhgrBTBRTzJHX.pJ01ke1Hseiw!!', 'timestamp': '2024-10-11T00:37:58+08:00'}
2024-10-11 00:38:52,344	[INFO]	(test.py:23)on_group_at_message_create	{'id': 'ROBOT1.0_9pndI4PMTE3G-csV4kyokqJej0F0u9seJyHgq7JwMqAtdu29P.qh3Pb28ef31N16TGm2YBy1pby4GJ8Lta1NDg!!', 'timestamp': '2024-10-11T00:38:52+08:00'}
2024-10-11 00:49:47,907	[INFO]	(gateway.py:56)on_closed	[botpy] 关闭, 返回码: WSCloseCode.OK, 返回信息: None
2024-10-11 00:49:47,908	[INFO]	(gateway.py:134)ws_connect	[botpy] ws关闭, 停止接收消息!
2024-10-11 00:49:52,910	[INFO]	(connection.py:60)multi_run	[botpy] 最大并发连接数: 1, 启动会话数: 1
2024-10-11 00:49:52,911	[INFO]	(client.py:242)bot_connect	[botpy] 会话启动中...
2024-10-11 00:49:52,914	[INFO]	(gateway.py:115)ws_connect	[botpy] 启动中...
2024-10-11 00:49:53,437	[INFO]	(gateway.py:175)ws_resume	[botpy] 重连启动...
2024-10-11 00:49:53,539	[INFO]	(gateway.py:90)on_message	[botpy] 机器人重连成功! 
2024-10-11 00:49:53,539	[INFO]	(gateway.py:223)_send_heart	[botpy] 心跳维持启动...
2024-10-11 01:19:53,450	[INFO]	(gateway.py:56)on_closed	[botpy] 关闭, 返回码: 4009, 返回信息: Session timed out
2024-10-11 01:19:53,451	[INFO]	(gateway.py:134)ws_connect	[botpy] ws关闭, 停止接收消息!
2024-10-11 01:19:58,455	[INFO]	(connection.py:60)multi_run	[botpy] 最大并发连接数: 1, 启动会话数: 1
2024-10-11 01:19:58,456	[INFO]	(client.py:242)bot_connect	[botpy] 会话启动中...
2024-10-11 01:19:58,456	[INFO]	(gateway.py:115)ws_connect	[botpy] 启动中...
2024-10-11 01:19:58,981	[INFO]	(gateway.py:175)ws_resume	[botpy] 重连启动...
2024-10-11 01:19:59,287	[INFO]	(robot.py:65)update_access_token	[botpy] access_token expires_in 7200
2024-10-11 01:19:59,390	[INFO]	(gateway.py:90)on_message	[botpy] 机器人重连成功! 
2024-10-11 01:19:59,390	[INFO]	(gateway.py:223)_send_heart	[botpy] 心跳维持启动...
